<?xml version="1.0" encoding="UTF-8"?>
<!-- Generated by org.testng.reporters.JUnitXMLReporter -->
<testsuite ignored="1" hostname="Tigeruuu" failures="3" tests="5" name="Surefire test" time="54.948" errors="0" timestamp="2025-06-05T12:36:27 IST">
  <testcase classname="com.ui.AlertsFramesAndWindowsTest" name="browserWindowsTest" time="10.166">
    <failure type="org.openqa.selenium.TimeoutException" message="Expected condition failed: waiting for visibility of element located by By.xpath: //a[contains(@href,&amp;apos;browser-windows.php&amp;apos;)] (tried for 10 second(s) with 500 milliseconds interval)
Build info: version: &amp;apos;4.29.0&amp;apos;, revision: &amp;apos;5fc1ec94cb&amp;apos;
System info: os.name: &amp;apos;Windows 11&amp;apos;, os.arch: &amp;apos;amd64&amp;apos;, os.version: &amp;apos;10.0&amp;apos;, java.version: &amp;apos;21.0.6&amp;apos;
Driver info: org.openqa.selenium.chrome.ChromeDriver
Capabilities {acceptInsecureCerts: false, browserName: chrome, browserVersion: 137.0.7151.57, chrome: {chromedriverVersion: 137.0.7151.68 (2989ffee9373..., userDataDir: C:\Users\manoj\AppData\Loca...}, fedcm:accounts: true, goog:chromeOptions: {debuggerAddress: localhost:60244}, networkConnectionEnabled: false, pageLoadStrategy: normal, platformName: windows, proxy: Proxy(), se:cdp: ws://localhost:60244/devtoo..., se:cdpVersion: 137.0.7151.57, setWindowRect: true, strictFileInteractability: false, timeouts: {implicit: 0, pageLoad: 300000, script: 30000}, unhandledPromptBehavior: dismiss and notify, webauthn:extension:credBlob: true, webauthn:extension:largeBlob: true, webauthn:extension:minPinLength: true, webauthn:extension:prf: true, webauthn:virtualAuthenticators: true}
Session ID: 68900bb7c4540af3dad85b006a5384d6">
      <![CDATA[org.openqa.selenium.TimeoutException: Expected condition failed: waiting for visibility of element located by By.xpath: //a[contains(@href,'browser-windows.php')] (tried for 10 second(s) with 500 milliseconds interval)
Build info: version: '4.29.0', revision: '5fc1ec94cb'
System info: os.name: 'Windows 11', os.arch: 'amd64', os.version: '10.0', java.version: '21.0.6'
Driver info: org.openqa.selenium.chrome.ChromeDriver
Capabilities {acceptInsecureCerts: false, browserName: chrome, browserVersion: 137.0.7151.57, chrome: {chromedriverVersion: 137.0.7151.68 (2989ffee9373..., userDataDir: C:\Users\manoj\AppData\Loca...}, fedcm:accounts: true, goog:chromeOptions: {debuggerAddress: localhost:60244}, networkConnectionEnabled: false, pageLoadStrategy: normal, platformName: windows, proxy: Proxy(), se:cdp: ws://localhost:60244/devtoo..., se:cdpVersion: 137.0.7151.57, setWindowRect: true, strictFileInteractability: false, timeouts: {implicit: 0, pageLoad: 300000, script: 30000}, unhandledPromptBehavior: dismiss and notify, webauthn:extension:credBlob: true, webauthn:extension:largeBlob: true, webauthn:extension:minPinLength: true, webauthn:extension:prf: true, webauthn:virtualAuthenticators: true}
Session ID: 68900bb7c4540af3dad85b006a5384d6
at org.openqa.selenium.support.ui.WebDriverWait.timeoutException(WebDriverWait.java:84)
at org.openqa.selenium.support.ui.FluentWait.until(FluentWait.java:228)
at core.testutils.BrowserActionsUtility.clickOn(BrowserActionsUtility.java:97)
at core.pageobjects.AlertsFramesAndWindowsPage.browserWindows(AlertsFramesAndWindowsPage.java:21)
at com.ui.AlertsFramesAndWindowsTest.browserWindowsTest(AlertsFramesAndWindowsTest.java:11)
at java.base/java.util.ArrayList.forEach(ArrayList.java:1596)
... Removed 30 stack frames]]>
    </failure>
  </testcase> <!-- browserWindowsTest -->
  <testcase classname="com.ui.ElementsTest" name="uploadAndDownload" time="1.325"/>
  <testcase classname="com.ui.LoginValidationTest" name="InValidLogintest" time="30.01">
    <failure type="org.openqa.selenium.TimeoutException" message="Expected condition failed: waiting for visibility of element located by By.id: userName (tried for 30 second(s) with 500 milliseconds interval)
Build info: version: &amp;apos;4.29.0&amp;apos;, revision: &amp;apos;5fc1ec94cb&amp;apos;
System info: os.name: &amp;apos;Windows 11&amp;apos;, os.arch: &amp;apos;amd64&amp;apos;, os.version: &amp;apos;10.0&amp;apos;, java.version: &amp;apos;21.0.6&amp;apos;
Driver info: org.openqa.selenium.chrome.ChromeDriver
Capabilities {acceptInsecureCerts: false, browserName: chrome, browserVersion: 137.0.7151.57, chrome: {chromedriverVersion: 137.0.7151.68 (2989ffee9373..., userDataDir: C:\Users\manoj\AppData\Loca...}, fedcm:accounts: true, goog:chromeOptions: {debuggerAddress: localhost:60300}, networkConnectionEnabled: false, pageLoadStrategy: normal, platformName: windows, proxy: Proxy(), se:cdp: ws://localhost:60300/devtoo..., se:cdpVersion: 137.0.7151.57, setWindowRect: true, strictFileInteractability: false, timeouts: {implicit: 0, pageLoad: 300000, script: 30000}, unhandledPromptBehavior: dismiss and notify, webauthn:extension:credBlob: true, webauthn:extension:largeBlob: true, webauthn:extension:minPinLength: true, webauthn:extension:prf: true, webauthn:virtualAuthenticators: true}
Session ID: f4ccf614087d83445a7b8c3e32eb5f2d">
      <![CDATA[org.openqa.selenium.TimeoutException: Expected condition failed: waiting for visibility of element located by By.id: userName (tried for 30 second(s) with 500 milliseconds interval)
Build info: version: '4.29.0', revision: '5fc1ec94cb'
System info: os.name: 'Windows 11', os.arch: 'amd64', os.version: '10.0', java.version: '21.0.6'
Driver info: org.openqa.selenium.chrome.ChromeDriver
Capabilities {acceptInsecureCerts: false, browserName: chrome, browserVersion: 137.0.7151.57, chrome: {chromedriverVersion: 137.0.7151.68 (2989ffee9373..., userDataDir: C:\Users\manoj\AppData\Loca...}, fedcm:accounts: true, goog:chromeOptions: {debuggerAddress: localhost:60300}, networkConnectionEnabled: false, pageLoadStrategy: normal, platformName: windows, proxy: Proxy(), se:cdp: ws://localhost:60300/devtoo..., se:cdpVersion: 137.0.7151.57, setWindowRect: true, strictFileInteractability: false, timeouts: {implicit: 0, pageLoad: 300000, script: 30000}, unhandledPromptBehavior: dismiss and notify, webauthn:extension:credBlob: true, webauthn:extension:largeBlob: true, webauthn:extension:minPinLength: true, webauthn:extension:prf: true, webauthn:virtualAuthenticators: true}
Session ID: f4ccf614087d83445a7b8c3e32eb5f2d
at org.openqa.selenium.support.ui.WebDriverWait.timeoutException(WebDriverWait.java:84)
at org.openqa.selenium.support.ui.FluentWait.until(FluentWait.java:228)
at core.testutils.BrowserActionsUtility.enterText(BrowserActionsUtility.java:134)
at core.pageobjects.LoginPage.InValidLogin(LoginPage.java:32)
at com.ui.LoginValidationTest.InValidLogintest(LoginValidationTest.java:20)
at java.base/java.util.ArrayList.forEach(ArrayList.java:1596)
... Removed 30 stack frames]]>
    </failure>
  </testcase> <!-- InValidLogintest -->
  <testcase classname="com.ui.LoginValidationTest" name="URLBrokenTest" time="0.39"/>
  <testcase classname="com.ui.RegistrationTest" name="registrationForm" time="2.83">
    <failure type="org.openqa.selenium.ElementClickInterceptedException" message="element click intercepted: Element is not clickable at point (1121, 700)
  (Session info: chrome=137.0.7151.57)
Build info: version: &amp;apos;4.29.0&amp;apos;, revision: &amp;apos;5fc1ec94cb&amp;apos;
System info: os.name: &amp;apos;Windows 11&amp;apos;, os.arch: &amp;apos;amd64&amp;apos;, os.version: &amp;apos;10.0&amp;apos;, java.version: &amp;apos;21.0.6&amp;apos;
Driver info: org.openqa.selenium.chrome.ChromeDriver
Command: [7f8b977e9744258e5b7caf3e8123aaa1, clickElement {id=f.5E67114CA1BAB83263C64ED074F2A0D6.d.0A99FB17C9CD579A77C41C34D5AD4005.e.88}]
Capabilities {acceptInsecureCerts: false, browserName: chrome, browserVersion: 137.0.7151.57, chrome: {chromedriverVersion: 137.0.7151.68 (2989ffee9373..., userDataDir: C:\Users\manoj\AppData\Loca...}, fedcm:accounts: true, goog:chromeOptions: {debuggerAddress: localhost:60362}, networkConnectionEnabled: false, pageLoadStrategy: normal, platformName: windows, proxy: Proxy(), se:cdp: ws://localhost:60362/devtoo..., se:cdpVersion: 137.0.7151.57, setWindowRect: true, strictFileInteractability: false, timeouts: {implicit: 0, pageLoad: 300000, script: 30000}, unhandledPromptBehavior: dismiss and notify, webauthn:extension:credBlob: true, webauthn:extension:largeBlob: true, webauthn:extension:minPinLength: true, webauthn:extension:prf: true, webauthn:virtualAuthenticators: true}
Element: [[ChromeDriver: chrome on windows (7f8b977e9744258e5b7caf3e8123aaa1)] -&amp;gt; xpath: //input[@value=&amp;apos;Login&amp;apos;]]
Session ID: 7f8b977e9744258e5b7caf3e8123aaa1">
      <![CDATA[org.openqa.selenium.ElementClickInterceptedException: element click intercepted: Element is not clickable at point (1121, 700)
  (Session info: chrome=137.0.7151.57)
Build info: version: '4.29.0', revision: '5fc1ec94cb'
System info: os.name: 'Windows 11', os.arch: 'amd64', os.version: '10.0', java.version: '21.0.6'
Driver info: org.openqa.selenium.chrome.ChromeDriver
Command: [7f8b977e9744258e5b7caf3e8123aaa1, clickElement {id=f.5E67114CA1BAB83263C64ED074F2A0D6.d.0A99FB17C9CD579A77C41C34D5AD4005.e.88}]
Capabilities {acceptInsecureCerts: false, browserName: chrome, browserVersion: 137.0.7151.57, chrome: {chromedriverVersion: 137.0.7151.68 (2989ffee9373..., userDataDir: C:\Users\manoj\AppData\Loca...}, fedcm:accounts: true, goog:chromeOptions: {debuggerAddress: localhost:60362}, networkConnectionEnabled: false, pageLoadStrategy: normal, platformName: windows, proxy: Proxy(), se:cdp: ws://localhost:60362/devtoo..., se:cdpVersion: 137.0.7151.57, setWindowRect: true, strictFileInteractability: false, timeouts: {implicit: 0, pageLoad: 300000, script: 30000}, unhandledPromptBehavior: dismiss and notify, webauthn:extension:credBlob: true, webauthn:extension:largeBlob: true, webauthn:extension:minPinLength: true, webauthn:extension:prf: true, webauthn:virtualAuthenticators: true}
Element: [[ChromeDriver: chrome on windows (7f8b977e9744258e5b7caf3e8123aaa1)] -> xpath: //input[@value='Login']]
Session ID: 7f8b977e9744258e5b7caf3e8123aaa1
at org.openqa.selenium.remote.ErrorCodec.decode(ErrorCodec.java:167)
at org.openqa.selenium.remote.codec.w3c.W3CHttpResponseCodec.decode(W3CHttpResponseCodec.java:138)
at org.openqa.selenium.remote.codec.w3c.W3CHttpResponseCodec.decode(W3CHttpResponseCodec.java:50)
at org.openqa.selenium.remote.HttpCommandExecutor.execute(HttpCommandExecutor.java:215)
at org.openqa.selenium.remote.service.DriverCommandExecutor.invokeExecute(DriverCommandExecutor.java:216)
at org.openqa.selenium.remote.service.DriverCommandExecutor.execute(DriverCommandExecutor.java:174)
at org.openqa.selenium.remote.RemoteWebDriver.execute(RemoteWebDriver.java:545)
at org.openqa.selenium.remote.RemoteWebElement.execute(RemoteWebElement.java:223)
at org.openqa.selenium.remote.RemoteWebElement.click(RemoteWebElement.java:76)
at core.testutils.BrowserActionsUtility.clickOn(BrowserActionsUtility.java:99)
at core.pageobjects.RegistrationPage.retryMethodForPages(RegistrationPage.java:52)
at core.pageobjects.RegistrationPage.registrationFormGrid(RegistrationPage.java:46)
at com.ui.RegistrationTest.registrationForm(RegistrationTest.java:10)
at java.base/java.util.ArrayList.forEach(ArrayList.java:1596)
... Removed 33 stack frames]]>
    </failure>
  </testcase> <!-- registrationForm -->
  <testcase classname="com.ui.LoginValidationTest" name="ValidLoginTest" time="0.0">
    <ignored/>
  </testcase> <!-- ValidLoginTest -->
</testsuite> <!-- Surefire test -->
