<?xml version="1.0" encoding="UTF-8"?>
<testng-results ignored="0" total="14" passed="13" failed="1" skipped="0">
  <reporter-output>
  </reporter-output>
  <suite started-at="2025-06-13T18:22:47 IST" name="Surefire suite" finished-at="2025-06-13T18:24:48 IST" duration-ms="121358">
    <groups>
    </groups>
    <test started-at="2025-06-13T18:22:47 IST" name="Surefire test" finished-at="2025-06-13T18:24:48 IST" duration-ms="121358">
      <class name="com.ui.LoginValidationTest">
        <test-method is-config="true" signature="setup(java.lang.String,java.lang.String,boolean,org.testng.ITestResult)[pri:0, instance:com.ui.LoginValidationTest@4b5189ac]" started-at="2025-06-13T18:24:32 IST" name="setup" description="Loading the test base" finished-at="2025-06-13T18:24:35 IST" duration-ms="2935" status="PASS">
          <params>
            <param index="0">
              <value>
                <![CDATA[chrome]]>
              </value>
            </param>
            <param index="1">
              <value>
                <![CDATA[QA]]>
              </value>
            </param>
            <param index="2">
              <value>
                <![CDATA[false]]>
              </value>
            </param>
            <param index="3">
              <value>
                <![CDATA[[TestResult name={null} status=CREATED method=LoginValidationTest.inValidLoginTest(java.lang.String,java.lang.String)[pri:0, instance:com.ui.LoginValidationTest@4b5189ac] output={null}]]]>
              </value>
            </param>
          </params>
          <reporter-output>
          </reporter-output>
        </test-method> <!-- setup -->
        <test-method signature="inValidLoginTest(java.lang.String,java.lang.String)[pri:0, instance:com.ui.LoginValidationTest@4b5189ac]" started-at="2025-06-13T18:24:35 IST" name="inValidLoginTest" data-provider="InValidLogin" finished-at="2025-06-13T18:24:36 IST" duration-ms="887" status="PASS">
          <params>
            <param index="0">
              <value>
                <![CDATA[dummy_user]]>
              </value>
            </param>
            <param index="1">
              <value>
                <![CDATA[dummy_password]]>
              </value>
            </param>
          </params>
          <reporter-output>
          </reporter-output>
        </test-method> <!-- inValidLoginTest -->
        <test-method is-config="true" signature="tearDown()[pri:0, instance:com.ui.LoginValidationTest@4b5189ac]" started-at="2025-06-13T18:24:36 IST" name="tearDown" description="Tear Down the browser" finished-at="2025-06-13T18:24:36 IST" duration-ms="382" status="PASS">
          <reporter-output>
          </reporter-output>
        </test-method> <!-- tearDown -->
        <test-method is-config="true" signature="setup(java.lang.String,java.lang.String,boolean,org.testng.ITestResult)[pri:0, instance:com.ui.LoginValidationTest@4b5189ac]" started-at="2025-06-13T18:24:36 IST" name="setup" description="Loading the test base" finished-at="2025-06-13T18:24:40 IST" duration-ms="3556" status="PASS">
          <params>
            <param index="0">
              <value>
                <![CDATA[chrome]]>
              </value>
            </param>
            <param index="1">
              <value>
                <![CDATA[QA]]>
              </value>
            </param>
            <param index="2">
              <value>
                <![CDATA[false]]>
              </value>
            </param>
            <param index="3">
              <value>
                <![CDATA[[TestResult name={null} status=CREATED method=LoginValidationTest.validLoginTest(java.lang.String,java.lang.String)[pri:0, instance:com.ui.LoginValidationTest@4b5189ac] output={null}]]]>
              </value>
            </param>
          </params>
          <reporter-output>
          </reporter-output>
        </test-method> <!-- setup -->
        <test-method signature="validLoginTest(java.lang.String,java.lang.String)[pri:0, instance:com.ui.LoginValidationTest@4b5189ac]" started-at="2025-06-13T18:24:40 IST" name="validLoginTest" data-provider="ValidLogin" finished-at="2025-06-13T18:24:41 IST" duration-ms="1490" status="PASS">
          <params>
            <param index="0">
              <value>
                <![CDATA[Johndoe@123domain.com]]>
              </value>
            </param>
            <param index="1">
              <value>
                <![CDATA[Password@123]]>
              </value>
            </param>
          </params>
          <reporter-output>
          </reporter-output>
        </test-method> <!-- validLoginTest -->
        <test-method is-config="true" signature="tearDown()[pri:0, instance:com.ui.LoginValidationTest@4b5189ac]" started-at="2025-06-13T18:24:41 IST" name="tearDown" description="Tear Down the browser" finished-at="2025-06-13T18:24:42 IST" duration-ms="370" status="PASS">
          <reporter-output>
          </reporter-output>
        </test-method> <!-- tearDown -->
      </class> <!-- com.ui.LoginValidationTest -->
      <class name="com.ui.ElementsTest">
        <test-method is-config="true" signature="setup(java.lang.String,java.lang.String,boolean,org.testng.ITestResult)[pri:0, instance:com.ui.ElementsTest@4f704591]" started-at="2025-06-13T18:23:21 IST" name="setup" description="Loading the test base" finished-at="2025-06-13T18:23:24 IST" duration-ms="3268" status="PASS">
          <params>
            <param index="0">
              <value>
                <![CDATA[chrome]]>
              </value>
            </param>
            <param index="1">
              <value>
                <![CDATA[QA]]>
              </value>
            </param>
            <param index="2">
              <value>
                <![CDATA[false]]>
              </value>
            </param>
            <param index="3">
              <value>
                <![CDATA[[TestResult name={null} status=CREATED method=ElementsTest.brokenLinks()[pri:0, instance:com.ui.ElementsTest@4f704591] output={null}]]]>
              </value>
            </param>
          </params>
          <reporter-output>
          </reporter-output>
        </test-method> <!-- setup -->
        <test-method is-config="true" signature="setup()[pri:0, instance:com.ui.ElementsTest@4f704591]" started-at="2025-06-13T18:23:24 IST" name="setup" description="Loading the test base" finished-at="2025-06-13T18:23:24 IST" duration-ms="4" status="PASS">
          <reporter-output>
          </reporter-output>
        </test-method> <!-- setup -->
        <test-method signature="brokenLinks()[pri:0, instance:com.ui.ElementsTest@4f704591]" started-at="2025-06-13T18:23:24 IST" name="brokenLinks" finished-at="2025-06-13T18:23:26 IST" duration-ms="2153" status="PASS">
          <reporter-output>
          </reporter-output>
        </test-method> <!-- brokenLinks -->
        <test-method is-config="true" signature="tearDown()[pri:0, instance:com.ui.ElementsTest@4f704591]" started-at="2025-06-13T18:23:26 IST" name="tearDown" description="Tear Down the browser" finished-at="2025-06-13T18:23:26 IST" duration-ms="333" status="PASS">
          <reporter-output>
          </reporter-output>
        </test-method> <!-- tearDown -->
        <test-method is-config="true" signature="setup(java.lang.String,java.lang.String,boolean,org.testng.ITestResult)[pri:0, instance:com.ui.ElementsTest@4f704591]" started-at="2025-06-13T18:23:26 IST" name="setup" description="Loading the test base" finished-at="2025-06-13T18:23:29 IST" duration-ms="2490" status="PASS">
          <params>
            <param index="0">
              <value>
                <![CDATA[chrome]]>
              </value>
            </param>
            <param index="1">
              <value>
                <![CDATA[QA]]>
              </value>
            </param>
            <param index="2">
              <value>
                <![CDATA[false]]>
              </value>
            </param>
            <param index="3">
              <value>
                <![CDATA[[TestResult name={null} status=CREATED method=ElementsTest.buttons()[pri:0, instance:com.ui.ElementsTest@4f704591] output={null}]]]>
              </value>
            </param>
          </params>
          <reporter-output>
          </reporter-output>
        </test-method> <!-- setup -->
        <test-method signature="buttons()[pri:0, instance:com.ui.ElementsTest@4f704591]" started-at="2025-06-13T18:23:29 IST" name="buttons" finished-at="2025-06-13T18:23:31 IST" duration-ms="2063" status="PASS">
          <reporter-output>
          </reporter-output>
        </test-method> <!-- buttons -->
        <test-method is-config="true" signature="setup()[pri:0, instance:com.ui.ElementsTest@4f704591]" started-at="2025-06-13T18:23:29 IST" name="setup" description="Loading the test base" finished-at="2025-06-13T18:23:29 IST" duration-ms="0" status="PASS">
          <reporter-output>
          </reporter-output>
        </test-method> <!-- setup -->
        <test-method is-config="true" signature="tearDown()[pri:0, instance:com.ui.ElementsTest@4f704591]" started-at="2025-06-13T18:23:31 IST" name="tearDown" description="Tear Down the browser" finished-at="2025-06-13T18:23:31 IST" duration-ms="352" status="PASS">
          <reporter-output>
          </reporter-output>
        </test-method> <!-- tearDown -->
        <test-method is-config="true" signature="setup(java.lang.String,java.lang.String,boolean,org.testng.ITestResult)[pri:0, instance:com.ui.ElementsTest@4f704591]" started-at="2025-06-13T18:23:31 IST" name="setup" description="Loading the test base" finished-at="2025-06-13T18:23:34 IST" duration-ms="2765" status="PASS">
          <params>
            <param index="0">
              <value>
                <![CDATA[chrome]]>
              </value>
            </param>
            <param index="1">
              <value>
                <![CDATA[QA]]>
              </value>
            </param>
            <param index="2">
              <value>
                <![CDATA[false]]>
              </value>
            </param>
            <param index="3">
              <value>
                <![CDATA[[TestResult name={null} status=CREATED method=ElementsTest.checkBox()[pri:0, instance:com.ui.ElementsTest@4f704591] output={null}]]]>
              </value>
            </param>
          </params>
          <reporter-output>
          </reporter-output>
        </test-method> <!-- setup -->
        <test-method is-config="true" signature="setup()[pri:0, instance:com.ui.ElementsTest@4f704591]" started-at="2025-06-13T18:23:34 IST" name="setup" description="Loading the test base" finished-at="2025-06-13T18:23:34 IST" duration-ms="0" status="PASS">
          <reporter-output>
          </reporter-output>
        </test-method> <!-- setup -->
        <test-method signature="checkBox()[pri:0, instance:com.ui.ElementsTest@4f704591]" started-at="2025-06-13T18:23:34 IST" name="checkBox" finished-at="2025-06-13T18:23:36 IST" duration-ms="1829" status="PASS">
          <reporter-output>
          </reporter-output>
        </test-method> <!-- checkBox -->
        <test-method is-config="true" signature="tearDown()[pri:0, instance:com.ui.ElementsTest@4f704591]" started-at="2025-06-13T18:23:36 IST" name="tearDown" description="Tear Down the browser" finished-at="2025-06-13T18:23:36 IST" duration-ms="360" status="PASS">
          <reporter-output>
          </reporter-output>
        </test-method> <!-- tearDown -->
        <test-method is-config="true" signature="setup(java.lang.String,java.lang.String,boolean,org.testng.ITestResult)[pri:0, instance:com.ui.ElementsTest@4f704591]" started-at="2025-06-13T18:23:36 IST" name="setup" description="Loading the test base" finished-at="2025-06-13T18:23:39 IST" duration-ms="2561" status="PASS">
          <params>
            <param index="0">
              <value>
                <![CDATA[chrome]]>
              </value>
            </param>
            <param index="1">
              <value>
                <![CDATA[QA]]>
              </value>
            </param>
            <param index="2">
              <value>
                <![CDATA[false]]>
              </value>
            </param>
            <param index="3">
              <value>
                <![CDATA[[TestResult name={null} status=CREATED method=ElementsTest.links()[pri:0, instance:com.ui.ElementsTest@4f704591] output={null}]]]>
              </value>
            </param>
          </params>
          <reporter-output>
          </reporter-output>
        </test-method> <!-- setup -->
        <test-method is-config="true" signature="setup()[pri:0, instance:com.ui.ElementsTest@4f704591]" started-at="2025-06-13T18:23:39 IST" name="setup" description="Loading the test base" finished-at="2025-06-13T18:23:39 IST" duration-ms="1" status="PASS">
          <reporter-output>
          </reporter-output>
        </test-method> <!-- setup -->
        <test-method signature="links()[pri:0, instance:com.ui.ElementsTest@4f704591]" started-at="2025-06-13T18:23:39 IST" name="links" finished-at="2025-06-13T18:23:42 IST" duration-ms="3500" status="PASS">
          <reporter-output>
          </reporter-output>
        </test-method> <!-- links -->
        <test-method is-config="true" signature="tearDown()[pri:0, instance:com.ui.ElementsTest@4f704591]" started-at="2025-06-13T18:23:42 IST" name="tearDown" description="Tear Down the browser" finished-at="2025-06-13T18:23:43 IST" duration-ms="378" status="PASS">
          <reporter-output>
          </reporter-output>
        </test-method> <!-- tearDown -->
        <test-method is-config="true" signature="setup(java.lang.String,java.lang.String,boolean,org.testng.ITestResult)[pri:0, instance:com.ui.ElementsTest@4f704591]" started-at="2025-06-13T18:23:43 IST" name="setup" description="Loading the test base" finished-at="2025-06-13T18:23:46 IST" duration-ms="3228" status="PASS">
          <params>
            <param index="0">
              <value>
                <![CDATA[chrome]]>
              </value>
            </param>
            <param index="1">
              <value>
                <![CDATA[QA]]>
              </value>
            </param>
            <param index="2">
              <value>
                <![CDATA[false]]>
              </value>
            </param>
            <param index="3">
              <value>
                <![CDATA[[TestResult name={null} status=CREATED method=ElementsTest.radioButtons()[pri:0, instance:com.ui.ElementsTest@4f704591] output={null}]]]>
              </value>
            </param>
          </params>
          <reporter-output>
          </reporter-output>
        </test-method> <!-- setup -->
        <test-method signature="radioButtons()[pri:0, instance:com.ui.ElementsTest@4f704591]" started-at="2025-06-13T18:23:46 IST" name="radioButtons" finished-at="2025-06-13T18:24:18 IST" duration-ms="32336" status="PASS">
          <reporter-output>
          </reporter-output>
        </test-method> <!-- radioButtons -->
        <test-method is-config="true" signature="setup()[pri:0, instance:com.ui.ElementsTest@4f704591]" started-at="2025-06-13T18:23:46 IST" name="setup" description="Loading the test base" finished-at="2025-06-13T18:23:46 IST" duration-ms="0" status="PASS">
          <reporter-output>
          </reporter-output>
        </test-method> <!-- setup -->
        <test-method is-config="true" signature="tearDown()[pri:0, instance:com.ui.ElementsTest@4f704591]" started-at="2025-06-13T18:24:18 IST" name="tearDown" description="Tear Down the browser" finished-at="2025-06-13T18:24:19 IST" duration-ms="482" status="PASS">
          <reporter-output>
          </reporter-output>
        </test-method> <!-- tearDown -->
        <test-method is-config="true" signature="setup(java.lang.String,java.lang.String,boolean,org.testng.ITestResult)[pri:0, instance:com.ui.ElementsTest@4f704591]" started-at="2025-06-13T18:24:19 IST" name="setup" description="Loading the test base" finished-at="2025-06-13T18:24:22 IST" duration-ms="3356" status="PASS">
          <params>
            <param index="0">
              <value>
                <![CDATA[chrome]]>
              </value>
            </param>
            <param index="1">
              <value>
                <![CDATA[QA]]>
              </value>
            </param>
            <param index="2">
              <value>
                <![CDATA[false]]>
              </value>
            </param>
            <param index="3">
              <value>
                <![CDATA[[TestResult name={null} status=CREATED method=ElementsTest.texBox(java.lang.String,java.lang.String,java.lang.String,java.lang.String)[pri:0, instance:com.ui.ElementsTest@4f704591] output={null}]]]>
              </value>
            </param>
          </params>
          <reporter-output>
          </reporter-output>
        </test-method> <!-- setup -->
        <test-method is-config="true" signature="setup()[pri:0, instance:com.ui.ElementsTest@4f704591]" started-at="2025-06-13T18:24:22 IST" name="setup" description="Loading the test base" finished-at="2025-06-13T18:24:22 IST" duration-ms="1" status="PASS">
          <reporter-output>
          </reporter-output>
        </test-method> <!-- setup -->
        <test-method signature="texBox(java.lang.String,java.lang.String,java.lang.String,java.lang.String)[pri:0, instance:com.ui.ElementsTest@4f704591]" started-at="2025-06-13T18:24:22 IST" name="texBox" data-provider="textBox" finished-at="2025-06-13T18:24:25 IST" duration-ms="3269" status="PASS">
          <params>
            <param index="0">
              <value>
                <![CDATA[John]]>
              </value>
            </param>
            <param index="1">
              <value>
                <![CDATA[Johndoe@123domain.com]]>
              </value>
            </param>
            <param index="2">
              <value>
                <![CDATA[This a sample address for the page. ]]>
              </value>
            </param>
            <param index="3">
              <value>
                <![CDATA[Password@123]]>
              </value>
            </param>
          </params>
          <reporter-output>
          </reporter-output>
        </test-method> <!-- texBox -->
        <test-method is-config="true" signature="tearDown()[pri:0, instance:com.ui.ElementsTest@4f704591]" started-at="2025-06-13T18:24:25 IST" name="tearDown" description="Tear Down the browser" finished-at="2025-06-13T18:24:26 IST" duration-ms="426" status="PASS">
          <reporter-output>
          </reporter-output>
        </test-method> <!-- tearDown -->
        <test-method is-config="true" signature="setup(java.lang.String,java.lang.String,boolean,org.testng.ITestResult)[pri:0, instance:com.ui.ElementsTest@4f704591]" started-at="2025-06-13T18:24:26 IST" name="setup" description="Loading the test base" finished-at="2025-06-13T18:24:28 IST" duration-ms="2597" status="PASS">
          <params>
            <param index="0">
              <value>
                <![CDATA[chrome]]>
              </value>
            </param>
            <param index="1">
              <value>
                <![CDATA[QA]]>
              </value>
            </param>
            <param index="2">
              <value>
                <![CDATA[false]]>
              </value>
            </param>
            <param index="3">
              <value>
                <![CDATA[[TestResult name={null} status=CREATED method=ElementsTest.uploadAndDownload()[pri:0, instance:com.ui.ElementsTest@4f704591] output={null}]]]>
              </value>
            </param>
          </params>
          <reporter-output>
          </reporter-output>
        </test-method> <!-- setup -->
        <test-method is-config="true" signature="setup()[pri:0, instance:com.ui.ElementsTest@4f704591]" started-at="2025-06-13T18:24:28 IST" name="setup" description="Loading the test base" finished-at="2025-06-13T18:24:28 IST" duration-ms="0" status="PASS">
          <reporter-output>
          </reporter-output>
        </test-method> <!-- setup -->
        <test-method signature="uploadAndDownload()[pri:0, instance:com.ui.ElementsTest@4f704591]" started-at="2025-06-13T18:24:28 IST" name="uploadAndDownload" description="Test for uploading and downloading files" finished-at="2025-06-13T18:24:30 IST" duration-ms="1967" status="PASS">
          <reporter-output>
          </reporter-output>
        </test-method> <!-- uploadAndDownload -->
        <test-method is-config="true" signature="tearDown()[pri:0, instance:com.ui.ElementsTest@4f704591]" started-at="2025-06-13T18:24:30 IST" name="tearDown" description="Tear Down the browser" finished-at="2025-06-13T18:24:32 IST" duration-ms="1818" status="PASS">
          <reporter-output>
          </reporter-output>
        </test-method> <!-- tearDown -->
      </class> <!-- com.ui.ElementsTest -->
      <class name="com.ui.AlertsFramesAndWindowsTest">
        <test-method is-config="true" signature="setup(java.lang.String,java.lang.String,boolean,org.testng.ITestResult)[pri:0, instance:com.ui.AlertsFramesAndWindowsTest@4ea5b703]" started-at="2025-06-13T18:22:47 IST" name="setup" description="Loading the test base" finished-at="2025-06-13T18:22:51 IST" duration-ms="4251" status="PASS">
          <params>
            <param index="0">
              <value>
                <![CDATA[chrome]]>
              </value>
            </param>
            <param index="1">
              <value>
                <![CDATA[QA]]>
              </value>
            </param>
            <param index="2">
              <value>
                <![CDATA[false]]>
              </value>
            </param>
            <param index="3">
              <value>
                <![CDATA[[TestResult name={null} status=CREATED method=AlertsFramesAndWindowsTest.alertsTest()[pri:0, instance:com.ui.AlertsFramesAndWindowsTest@4ea5b703] output={null}]]]>
              </value>
            </param>
          </params>
          <reporter-output>
          </reporter-output>
        </test-method> <!-- setup -->
        <test-method is-config="true" signature="setup()[pri:0, instance:com.ui.AlertsFramesAndWindowsTest@4ea5b703]" started-at="2025-06-13T18:22:51 IST" name="setup" description="Loading the test base" finished-at="2025-06-13T18:22:51 IST" duration-ms="5" status="PASS">
          <reporter-output>
          </reporter-output>
        </test-method> <!-- setup -->
        <test-method signature="alertsTest()[pri:0, instance:com.ui.AlertsFramesAndWindowsTest@4ea5b703]" started-at="2025-06-13T18:22:51 IST" name="alertsTest" finished-at="2025-06-13T18:22:58 IST" duration-ms="7081" status="PASS">
          <reporter-output>
          </reporter-output>
        </test-method> <!-- alertsTest -->
        <test-method is-config="true" signature="tearDown()[pri:0, instance:com.ui.AlertsFramesAndWindowsTest@4ea5b703]" started-at="2025-06-13T18:22:58 IST" name="tearDown" description="Tear Down the browser" finished-at="2025-06-13T18:22:59 IST" duration-ms="421" status="PASS">
          <reporter-output>
          </reporter-output>
        </test-method> <!-- tearDown -->
        <test-method is-config="true" signature="setup(java.lang.String,java.lang.String,boolean,org.testng.ITestResult)[pri:0, instance:com.ui.AlertsFramesAndWindowsTest@4ea5b703]" started-at="2025-06-13T18:22:59 IST" name="setup" description="Loading the test base" finished-at="2025-06-13T18:23:02 IST" duration-ms="3250" status="PASS">
          <params>
            <param index="0">
              <value>
                <![CDATA[chrome]]>
              </value>
            </param>
            <param index="1">
              <value>
                <![CDATA[QA]]>
              </value>
            </param>
            <param index="2">
              <value>
                <![CDATA[false]]>
              </value>
            </param>
            <param index="3">
              <value>
                <![CDATA[[TestResult name={null} status=CREATED method=AlertsFramesAndWindowsTest.browserWindowsTest()[pri:0, instance:com.ui.AlertsFramesAndWindowsTest@4ea5b703] output={null}]]]>
              </value>
            </param>
          </params>
          <reporter-output>
          </reporter-output>
        </test-method> <!-- setup -->
        <test-method signature="browserWindowsTest()[pri:0, instance:com.ui.AlertsFramesAndWindowsTest@4ea5b703]" started-at="2025-06-13T18:23:02 IST" name="browserWindowsTest" finished-at="2025-06-13T18:23:06 IST" duration-ms="4443" status="PASS">
          <reporter-output>
          </reporter-output>
        </test-method> <!-- browserWindowsTest -->
        <test-method is-config="true" signature="setup()[pri:0, instance:com.ui.AlertsFramesAndWindowsTest@4ea5b703]" started-at="2025-06-13T18:23:02 IST" name="setup" description="Loading the test base" finished-at="2025-06-13T18:23:02 IST" duration-ms="0" status="PASS">
          <reporter-output>
          </reporter-output>
        </test-method> <!-- setup -->
        <test-method is-config="true" signature="tearDown()[pri:0, instance:com.ui.AlertsFramesAndWindowsTest@4ea5b703]" started-at="2025-06-13T18:23:06 IST" name="tearDown" description="Tear Down the browser" finished-at="2025-06-13T18:23:07 IST" duration-ms="368" status="PASS">
          <reporter-output>
          </reporter-output>
        </test-method> <!-- tearDown -->
        <test-method is-config="true" signature="setup(java.lang.String,java.lang.String,boolean,org.testng.ITestResult)[pri:0, instance:com.ui.AlertsFramesAndWindowsTest@4ea5b703]" started-at="2025-06-13T18:23:07 IST" name="setup" description="Loading the test base" finished-at="2025-06-13T18:23:10 IST" duration-ms="2839" status="PASS">
          <params>
            <param index="0">
              <value>
                <![CDATA[chrome]]>
              </value>
            </param>
            <param index="1">
              <value>
                <![CDATA[QA]]>
              </value>
            </param>
            <param index="2">
              <value>
                <![CDATA[false]]>
              </value>
            </param>
            <param index="3">
              <value>
                <![CDATA[[TestResult name={null} status=CREATED method=AlertsFramesAndWindowsTest.framesTest()[pri:0, instance:com.ui.AlertsFramesAndWindowsTest@4ea5b703] output={null}]]]>
              </value>
            </param>
          </params>
          <reporter-output>
          </reporter-output>
        </test-method> <!-- setup -->
        <test-method is-config="true" signature="setup()[pri:0, instance:com.ui.AlertsFramesAndWindowsTest@4ea5b703]" started-at="2025-06-13T18:23:10 IST" name="setup" description="Loading the test base" finished-at="2025-06-13T18:23:10 IST" duration-ms="0" status="PASS">
          <reporter-output>
          </reporter-output>
        </test-method> <!-- setup -->
        <test-method signature="framesTest()[pri:0, instance:com.ui.AlertsFramesAndWindowsTest@4ea5b703]" started-at="2025-06-13T18:23:10 IST" name="framesTest" finished-at="2025-06-13T18:23:13 IST" duration-ms="3893" status="PASS">
          <reporter-output>
          </reporter-output>
        </test-method> <!-- framesTest -->
        <test-method is-config="true" signature="tearDown()[pri:0, instance:com.ui.AlertsFramesAndWindowsTest@4ea5b703]" started-at="2025-06-13T18:23:13 IST" name="tearDown" description="Tear Down the browser" finished-at="2025-06-13T18:23:14 IST" duration-ms="474" status="PASS">
          <reporter-output>
          </reporter-output>
        </test-method> <!-- tearDown -->
        <test-method is-config="true" signature="setup(java.lang.String,java.lang.String,boolean,org.testng.ITestResult)[pri:0, instance:com.ui.AlertsFramesAndWindowsTest@4ea5b703]" started-at="2025-06-13T18:23:14 IST" name="setup" description="Loading the test base" finished-at="2025-06-13T18:23:17 IST" duration-ms="2765" status="PASS">
          <params>
            <param index="0">
              <value>
                <![CDATA[chrome]]>
              </value>
            </param>
            <param index="1">
              <value>
                <![CDATA[QA]]>
              </value>
            </param>
            <param index="2">
              <value>
                <![CDATA[false]]>
              </value>
            </param>
            <param index="3">
              <value>
                <![CDATA[[TestResult name={null} status=CREATED method=AlertsFramesAndWindowsTest.modalAlertsTest()[pri:0, instance:com.ui.AlertsFramesAndWindowsTest@4ea5b703] output={null}]]]>
              </value>
            </param>
          </params>
          <reporter-output>
          </reporter-output>
        </test-method> <!-- setup -->
        <test-method is-config="true" signature="setup()[pri:0, instance:com.ui.AlertsFramesAndWindowsTest@4ea5b703]" started-at="2025-06-13T18:23:17 IST" name="setup" description="Loading the test base" finished-at="2025-06-13T18:23:17 IST" duration-ms="1" status="PASS">
          <reporter-output>
          </reporter-output>
        </test-method> <!-- setup -->
        <test-method signature="modalAlertsTest()[pri:0, instance:com.ui.AlertsFramesAndWindowsTest@4ea5b703]" started-at="2025-06-13T18:23:17 IST" name="modalAlertsTest" finished-at="2025-06-13T18:23:20 IST" duration-ms="3609" status="PASS">
          <reporter-output>
          </reporter-output>
        </test-method> <!-- modalAlertsTest -->
        <test-method is-config="true" signature="tearDown()[pri:0, instance:com.ui.AlertsFramesAndWindowsTest@4ea5b703]" started-at="2025-06-13T18:23:20 IST" name="tearDown" description="Tear Down the browser" finished-at="2025-06-13T18:23:21 IST" duration-ms="380" status="PASS">
          <reporter-output>
          </reporter-output>
        </test-method> <!-- tearDown -->
      </class> <!-- com.ui.AlertsFramesAndWindowsTest -->
      <class name="com.ui.RegistrationTest">
        <test-method is-config="true" signature="setup(java.lang.String,java.lang.String,boolean,org.testng.ITestResult)[pri:0, instance:com.ui.RegistrationTest@1e4d3ce5]" started-at="2025-06-13T18:24:42 IST" name="setup" description="Loading the test base" finished-at="2025-06-13T18:24:45 IST" duration-ms="3398" status="PASS">
          <params>
            <param index="0">
              <value>
                <![CDATA[chrome]]>
              </value>
            </param>
            <param index="1">
              <value>
                <![CDATA[QA]]>
              </value>
            </param>
            <param index="2">
              <value>
                <![CDATA[false]]>
              </value>
            </param>
            <param index="3">
              <value>
                <![CDATA[[TestResult name={null} status=CREATED method=RegistrationTest.registrationForm(java.lang.String,java.lang.String,java.lang.String,java.lang.String,java.lang.String,java.lang.String,java.lang.String,java.lang.String,java.lang.String)[pri:0, instance:com.ui.RegistrationTest@1e4d3ce5] output={null}]]]>
              </value>
            </param>
          </params>
          <reporter-output>
          </reporter-output>
        </test-method> <!-- setup -->
        <test-method is-config="true" signature="setUp()[pri:0, instance:com.ui.RegistrationTest@1e4d3ce5]" started-at="2025-06-13T18:24:45 IST" name="setUp" finished-at="2025-06-13T18:24:45 IST" duration-ms="3" status="PASS">
          <reporter-output>
          </reporter-output>
        </test-method> <!-- setUp -->
        <test-method signature="registrationForm(java.lang.String,java.lang.String,java.lang.String,java.lang.String,java.lang.String,java.lang.String,java.lang.String,java.lang.String,java.lang.String)[pri:0, instance:com.ui.RegistrationTest@1e4d3ce5]" started-at="2025-06-13T18:24:45 IST" name="registrationForm" data-provider="registrationForm" finished-at="2025-06-13T18:24:47 IST" duration-ms="2051" status="FAIL">
          <params>
            <param index="0">
              <value>
                <![CDATA[TestUser]]>
              </value>
            </param>
            <param index="1">
              <value>
                <![CDATA[TestUser@gmail.com]]>
              </value>
            </param>
            <param index="2">
              <value>
                <![CDATA[987654321]]>
              </value>
            </param>
            <param index="3">
              <value>
                <![CDATA[2000-12-31]]>
              </value>
            </param>
            <param index="4">
              <value>
                <![CDATA[Mathematics]]>
              </value>
            </param>
            <param index="5">
              <value>
                <![CDATA[D://Manoj//1747680424251.jpeg]]>
              </value>
            </param>
            <param index="6">
              <value>
                <![CDATA[Hanuman Nagar]]>
              </value>
            </param>
            <param index="7">
              <value>
                <![CDATA[NCR]]>
              </value>
            </param>
            <param index="8">
              <value>
                <![CDATA[Agra]]>
              </value>
            </param>
          </params>
          <exception class="org.openqa.selenium.InvalidArgumentException">
            <message>
              <![CDATA[invalid argument: File not found : D://Manoj//1747680424251.jpeg
  (Session info: chrome=137.0.7151.104)
Build info: version: '4.29.0', revision: '5fc1ec94cb'
System info: os.name: 'Windows 11', os.arch: 'amd64', os.version: '10.0', java.version: '21.0.6'
Driver info: org.openqa.selenium.chrome.ChromeDriver
Command: [b5570fbe43e34cb11a4cd9ee40e6ff1c, sendKeysToElement {id=f.8082AAA85E7DB7E3BD66A789EFE10C20.d.93DDC3D42A6E7181C85098EF28D002F6.e.44, value=[Ljava.lang.CharSequence;@69de72ec}]
Capabilities {acceptInsecureCerts: false, browserName: chrome, browserVersion: 137.0.7151.104, chrome: {chromedriverVersion: 137.0.7151.70 (dfa4dc56b2ab..., userDataDir: C:\Users\manoj\AppData\Loca...}, fedcm:accounts: true, goog:chromeOptions: {debuggerAddress: localhost:50468}, networkConnectionEnabled: false, pageLoadStrategy: normal, platformName: windows, proxy: Proxy(), se:cdp: ws://localhost:50468/devtoo..., se:cdpVersion: 137.0.7151.104, setWindowRect: true, strictFileInteractability: false, timeouts: {implicit: 0, pageLoad: 300000, script: 30000}, unhandledPromptBehavior: dismiss and notify, webauthn:extension:credBlob: true, webauthn:extension:largeBlob: true, webauthn:extension:minPinLength: true, webauthn:extension:prf: true, webauthn:virtualAuthenticators: true}
Element: [[ChromeDriver: chrome on windows (b5570fbe43e34cb11a4cd9ee40e6ff1c)] -> xpath: //input[@id='picture' and @type='file']]
Session ID: b5570fbe43e34cb11a4cd9ee40e6ff1c]]>
            </message>
            <full-stacktrace>
              <![CDATA[org.openqa.selenium.InvalidArgumentException: invalid argument: File not found : D://Manoj//1747680424251.jpeg
  (Session info: chrome=137.0.7151.104)
Build info: version: '4.29.0', revision: '5fc1ec94cb'
System info: os.name: 'Windows 11', os.arch: 'amd64', os.version: '10.0', java.version: '21.0.6'
Driver info: org.openqa.selenium.chrome.ChromeDriver
Command: [b5570fbe43e34cb11a4cd9ee40e6ff1c, sendKeysToElement {id=f.8082AAA85E7DB7E3BD66A789EFE10C20.d.93DDC3D42A6E7181C85098EF28D002F6.e.44, value=[Ljava.lang.CharSequence;@69de72ec}]
Capabilities {acceptInsecureCerts: false, browserName: chrome, browserVersion: 137.0.7151.104, chrome: {chromedriverVersion: 137.0.7151.70 (dfa4dc56b2ab..., userDataDir: C:\Users\manoj\AppData\Loca...}, fedcm:accounts: true, goog:chromeOptions: {debuggerAddress: localhost:50468}, networkConnectionEnabled: false, pageLoadStrategy: normal, platformName: windows, proxy: Proxy(), se:cdp: ws://localhost:50468/devtoo..., se:cdpVersion: 137.0.7151.104, setWindowRect: true, strictFileInteractability: false, timeouts: {implicit: 0, pageLoad: 300000, script: 30000}, unhandledPromptBehavior: dismiss and notify, webauthn:extension:credBlob: true, webauthn:extension:largeBlob: true, webauthn:extension:minPinLength: true, webauthn:extension:prf: true, webauthn:virtualAuthenticators: true}
Element: [[ChromeDriver: chrome on windows (b5570fbe43e34cb11a4cd9ee40e6ff1c)] -> xpath: //input[@id='picture' and @type='file']]
Session ID: b5570fbe43e34cb11a4cd9ee40e6ff1c
at java.base/jdk.internal.reflect.DirectConstructorHandleAccessor.newInstance(DirectConstructorHandleAccessor.java:62)
at java.base/java.lang.reflect.Constructor.newInstanceWithCaller(Constructor.java:502)
at java.base/java.lang.reflect.Constructor.newInstance(Constructor.java:486)
at org.openqa.selenium.remote.ErrorCodec.decode(ErrorCodec.java:167)
at org.openqa.selenium.remote.codec.w3c.W3CHttpResponseCodec.decode(W3CHttpResponseCodec.java:138)
at org.openqa.selenium.remote.codec.w3c.W3CHttpResponseCodec.decode(W3CHttpResponseCodec.java:50)
at org.openqa.selenium.remote.HttpCommandExecutor.execute(HttpCommandExecutor.java:215)
at org.openqa.selenium.remote.service.DriverCommandExecutor.invokeExecute(DriverCommandExecutor.java:216)
at org.openqa.selenium.remote.service.DriverCommandExecutor.execute(DriverCommandExecutor.java:174)
at org.openqa.selenium.remote.RemoteWebDriver.execute(RemoteWebDriver.java:545)
at org.openqa.selenium.remote.RemoteWebElement.execute(RemoteWebElement.java:223)
at org.openqa.selenium.remote.RemoteWebElement.sendKeys(RemoteWebElement.java:110)
at core.testutils.BrowserActionsUtility.enterText(BrowserActionsUtility.java:112)
at core.pageobjects.RegistrationPage.registrationFormGrid(RegistrationPage.java:42)
at com.ui.RegistrationTest.registrationForm(RegistrationTest.java:19)
at java.base/jdk.internal.reflect.DirectMethodHandleAccessor.invoke(DirectMethodHandleAccessor.java:103)
at java.base/java.lang.reflect.Method.invoke(Method.java:580)
at org.testng.internal.invokers.MethodInvocationHelper.invokeMethod(MethodInvocationHelper.java:141)
at org.testng.internal.invokers.TestInvoker.invokeMethod(TestInvoker.java:686)
at org.testng.internal.invokers.TestInvoker.invokeTestMethod(TestInvoker.java:230)
at org.testng.internal.invokers.MethodRunner.runInSequence(MethodRunner.java:63)
at org.testng.internal.invokers.TestInvoker$MethodInvocationAgent.invoke(TestInvoker.java:992)
at org.testng.internal.invokers.TestInvoker.invokeTestMethods(TestInvoker.java:203)
at org.testng.internal.invokers.TestMethodWorker.invokeTestMethods(TestMethodWorker.java:154)
at org.testng.internal.invokers.TestMethodWorker.run(TestMethodWorker.java:134)
at java.base/java.util.ArrayList.forEach(ArrayList.java:1596)
at org.testng.TestRunner.privateRun(TestRunner.java:739)
at org.testng.TestRunner.run(TestRunner.java:614)
at org.testng.SuiteRunner.runTest(SuiteRunner.java:421)
at org.testng.SuiteRunner.runSequentially(SuiteRunner.java:413)
at org.testng.SuiteRunner.privateRun(SuiteRunner.java:373)
at org.testng.SuiteRunner.run(SuiteRunner.java:312)
at org.testng.SuiteRunnerWorker.runSuite(SuiteRunnerWorker.java:52)
at org.testng.SuiteRunnerWorker.run(SuiteRunnerWorker.java:95)
at org.testng.TestNG.runSuitesSequentially(TestNG.java:1274)
at org.testng.TestNG.runSuitesLocally(TestNG.java:1208)
at org.testng.TestNG.runSuites(TestNG.java:1112)
at org.testng.TestNG.run(TestNG.java:1079)
at org.apache.maven.surefire.testng.TestNGExecutor.run(TestNGExecutor.java:155)
at org.apache.maven.surefire.testng.TestNGDirectoryTestSuite.executeMulti(TestNGDirectoryTestSuite.java:169)
at org.apache.maven.surefire.testng.TestNGDirectoryTestSuite.execute(TestNGDirectoryTestSuite.java:88)
at org.apache.maven.surefire.testng.TestNGProvider.invoke(TestNGProvider.java:137)
at org.apache.maven.surefire.booter.ForkedBooter.runSuitesInProcess(ForkedBooter.java:385)
at org.apache.maven.surefire.booter.ForkedBooter.execute(ForkedBooter.java:162)
at org.apache.maven.surefire.booter.ForkedBooter.run(ForkedBooter.java:507)
at org.apache.maven.surefire.booter.ForkedBooter.main(ForkedBooter.java:495)
]]>
            </full-stacktrace>
          </exception> <!-- org.openqa.selenium.InvalidArgumentException -->
          <reporter-output>
          </reporter-output>
        </test-method> <!-- registrationForm -->
        <test-method is-config="true" signature="tearDown()[pri:0, instance:com.ui.RegistrationTest@1e4d3ce5]" started-at="2025-06-13T18:24:48 IST" name="tearDown" description="Tear Down the browser" finished-at="2025-06-13T18:24:48 IST" duration-ms="347" status="PASS">
          <reporter-output>
          </reporter-output>
        </test-method> <!-- tearDown -->
      </class> <!-- com.ui.RegistrationTest -->
    </test> <!-- Surefire test -->
  </suite> <!-- Surefire suite -->
</testng-results>
